<?xml version="1.0" encoding="UTF-8"?>
<!-- Generated by org.testng.reporters.JUnitXMLReporter -->
<testsuite ignored="0" hostname="Chintu" failures="0" tests="2" name="titleCheck" time="0.068" errors="0" timestamp="2020-06-17T22:21:44 BST">
  <testcase classname="test.kvian" name="@BeforeTest build" time="0.005">
    <failure type="java.lang.NullPointerException">
      <![CDATA[java.lang.NullPointerException
at resources.base.initializeDriver(base.java:30)
at test.kvian.build(kvian.java:23)
... Removed 24 stack frames]]>
    </failure>
  </testcase> <!-- @BeforeTest build -->
  <testcase classname="test.kvian" name="@AfterTest tearDown" time="-1.592428904783E9">
    <skipped/>
  </testcase> <!-- @AfterTest tearDown -->
  <testcase classname="test.kvian" name="dataEntry" time="0.0">
    <skipped/>
  </testcase> <!-- dataEntry -->
  <testcase classname="test.kvian" name="testDataUpload" time="0.0">
    <skipped/>
  </testcase> <!-- testDataUpload -->
</testsuite> <!-- titleCheck -->
